2021-12-20 18:41:12,287 - INFO - **************common.configs**********
2021-12-20 18:41:12,287 - INFO - use_gpu: True, use_xpu: False, use_visual: False, infer_batch_size: 2000, test_data_dir: data/whole_data/test, start_epoch: 0, end_epoch: 1, print_interval: 50, model_load_path: output_model_all_autodeepfm
2021-12-20 18:41:12,287 - INFO - **************common.configs**********
W1220 18:41:12.289043 17996 device_context.cc:447] Please NOTE: device: 0, GPU Compute Capability: 7.0, Driver API Version: 10.1, Runtime API Version: 10.1
W1220 18:41:12.294060 17996 device_context.cc:465] device: 0, cuDNN Version: 7.6.
2021-12-20 18:41:17,189 - INFO - read data
2021-12-20 18:41:17,189 - INFO - reader path:criteo_reader
2021-12-20 18:41:19,038 - INFO - load model epoch 0
2021-12-20 18:41:19,038 - INFO - start load model from output_model_all_autodeepfm/0
/opt/conda/envs/python35-paddle120-env/lib/python3.7/site-packages/paddle/tensor/creation.py:130: DeprecationWarning: `np.object` is a deprecated alias for the builtin `object`. To silence this warning, use `object` by itself. Doing this will not modify any behavior and is safe. 
Deprecated in NumPy 1.20; for more details and guidance: https://numpy.org/devdocs/release/1.20.0-notes.html#deprecations
  if data.dtype == np.object:
2021-12-20 18:41:20,256 - INFO - epoch: 0, batch_id: 0, auc: 0.806219, avg_reader_cost: 0.00321 sec, avg_batch_cost: 0.00542 sec, avg_samples: 2000.00000, ips: 82126.63 ins/s
2021-12-20 18:41:22,962 - INFO - epoch: 0, batch_id: 50, auc: 0.806710, avg_reader_cost: 0.00012 sec, avg_batch_cost: 0.05405 sec, avg_samples: 2000.00000, ips: 36952.41 ins/s
2021-12-20 18:41:25,648 - INFO - epoch: 0, batch_id: 100, auc: 0.807034, avg_reader_cost: 0.00011 sec, avg_batch_cost: 0.05365 sec, avg_samples: 2000.00000, ips: 37228.21 ins/s
2021-12-20 18:41:28,289 - INFO - epoch: 0, batch_id: 150, auc: 0.806353, avg_reader_cost: 0.00009 sec, avg_batch_cost: 0.05273 sec, avg_samples: 2000.00000, ips: 37873.23 ins/s
2021-12-20 18:41:30,971 - INFO - epoch: 0, batch_id: 200, auc: 0.806020, avg_reader_cost: 0.00010 sec, avg_batch_cost: 0.05356 sec, avg_samples: 2000.00000, ips: 37288.74 ins/s
2021-12-20 18:41:33,634 - INFO - epoch: 0, batch_id: 250, auc: 0.805755, avg_reader_cost: 0.00010 sec, avg_batch_cost: 0.05318 sec, avg_samples: 2000.00000, ips: 37555.90 ins/s
2021-12-20 18:41:36,294 - INFO - epoch: 0, batch_id: 300, auc: 0.805464, avg_reader_cost: 0.00009 sec, avg_batch_cost: 0.05313 sec, avg_samples: 2000.00000, ips: 37592.04 ins/s
2021-12-20 18:41:38,983 - INFO - epoch: 0, batch_id: 350, auc: 0.805020, avg_reader_cost: 0.00011 sec, avg_batch_cost: 0.05368 sec, avg_samples: 2000.00000, ips: 37204.23 ins/s
2021-12-20 18:41:41,664 - INFO - epoch: 0, batch_id: 400, auc: 0.804770, avg_reader_cost: 0.00011 sec, avg_batch_cost: 0.05355 sec, avg_samples: 2000.00000, ips: 37294.44 ins/s
2021-12-20 18:41:44,354 - INFO - epoch: 0, batch_id: 450, auc: 0.804749, avg_reader_cost: 0.00010 sec, avg_batch_cost: 0.05371 sec, avg_samples: 2000.00000, ips: 37181.73 ins/s
2021-12-20 18:41:47,040 - INFO - epoch: 0, batch_id: 500, auc: 0.804453, avg_reader_cost: 0.00011 sec, avg_batch_cost: 0.05364 sec, avg_samples: 2000.00000, ips: 37229.77 ins/s
2021-12-20 18:41:49,743 - INFO - epoch: 0, batch_id: 550, auc: 0.804294, avg_reader_cost: 0.00012 sec, avg_batch_cost: 0.05397 sec, avg_samples: 2000.00000, ips: 37007.74 ins/s
2021-12-20 18:41:52,424 - INFO - epoch: 0, batch_id: 600, auc: 0.804278, avg_reader_cost: 0.00011 sec, avg_batch_cost: 0.05355 sec, avg_samples: 2000.00000, ips: 37294.59 ins/s
2021-12-20 18:41:55,078 - INFO - epoch: 0, batch_id: 650, auc: 0.804301, avg_reader_cost: 0.00010 sec, avg_batch_cost: 0.05299 sec, avg_samples: 2000.00000, ips: 37689.22 ins/s
2021-12-20 18:41:57,781 - INFO - epoch: 0, batch_id: 700, auc: 0.804306, avg_reader_cost: 0.00011 sec, avg_batch_cost: 0.05398 sec, avg_samples: 2000.00000, ips: 36996.59 ins/s
2021-12-20 18:42:00,445 - INFO - epoch: 0, batch_id: 750, auc: 0.804301, avg_reader_cost: 0.00011 sec, avg_batch_cost: 0.05319 sec, avg_samples: 2000.00000, ips: 37546.29 ins/s
2021-12-20 18:42:03,138 - INFO - epoch: 0, batch_id: 800, auc: 0.804204, avg_reader_cost: 0.00012 sec, avg_batch_cost: 0.05378 sec, avg_samples: 2000.00000, ips: 37134.41 ins/s
2021-12-20 18:42:05,812 - INFO - epoch: 0, batch_id: 850, auc: 0.804230, avg_reader_cost: 0.00010 sec, avg_batch_cost: 0.05333 sec, avg_samples: 2000.00000, ips: 37400.53 ins/s
2021-12-20 18:42:08,477 - INFO - epoch: 0, batch_id: 900, auc: 0.804403, avg_reader_cost: 0.00011 sec, avg_batch_cost: 0.05322 sec, avg_samples: 2000.00000, ips: 37525.56 ins/s
2021-12-20 18:42:11,173 - INFO - epoch: 0, batch_id: 950, auc: 0.804680, avg_reader_cost: 0.00011 sec, avg_batch_cost: 0.05384 sec, avg_samples: 2000.00000, ips: 37095.89 ins/s
2021-12-20 18:42:13,833 - INFO - epoch: 0, batch_id: 1000, auc: 0.804825, avg_reader_cost: 0.00011 sec, avg_batch_cost: 0.05312 sec, avg_samples: 2000.00000, ips: 37597.90 ins/s
2021-12-20 18:42:16,539 - INFO - epoch: 0, batch_id: 1050, auc: 0.805024, avg_reader_cost: 0.00011 sec, avg_batch_cost: 0.05404 sec, avg_samples: 2000.00000, ips: 36957.10 ins/s
2021-12-20 18:42:19,225 - INFO - epoch: 0, batch_id: 1100, auc: 0.805098, avg_reader_cost: 0.00011 sec, avg_batch_cost: 0.05357 sec, avg_samples: 2000.00000, ips: 37235.30 ins/s
2021-12-20 18:42:22,000 - INFO - epoch: 0, batch_id: 1150, auc: 0.805095, avg_reader_cost: 0.00014 sec, avg_batch_cost: 0.05542 sec, avg_samples: 2000.00000, ips: 36038.38 ins/s
2021-12-20 18:42:24,733 - INFO - epoch: 0, batch_id: 1200, auc: 0.805105, avg_reader_cost: 0.00012 sec, avg_batch_cost: 0.05457 sec, avg_samples: 2000.00000, ips: 36599.70 ins/s
2021-12-20 18:42:27,459 - INFO - epoch: 0, batch_id: 1250, auc: 0.805053, avg_reader_cost: 0.00012 sec, avg_batch_cost: 0.05445 sec, avg_samples: 2000.00000, ips: 36680.81 ins/s
2021-12-20 18:42:30,336 - INFO - epoch: 0, batch_id: 1300, auc: 0.805032, avg_reader_cost: 0.00012 sec, avg_batch_cost: 0.05745 sec, avg_samples: 2000.00000, ips: 34771.23 ins/s
2021-12-20 18:42:32,987 - INFO - epoch: 0, batch_id: 1350, auc: 0.805040, avg_reader_cost: 0.00010 sec, avg_batch_cost: 0.05294 sec, avg_samples: 2000.00000, ips: 37723.11 ins/s
2021-12-20 18:42:35,656 - INFO - epoch: 0, batch_id: 1400, auc: 0.805036, avg_reader_cost: 0.00009 sec, avg_batch_cost: 0.05331 sec, avg_samples: 2000.00000, ips: 37461.18 ins/s
2021-12-20 18:42:38,348 - INFO - epoch: 0, batch_id: 1450, auc: 0.805009, avg_reader_cost: 0.00009 sec, avg_batch_cost: 0.05375 sec, avg_samples: 2000.00000, ips: 37150.66 ins/s
2021-12-20 18:42:41,002 - INFO - epoch: 0, batch_id: 1500, auc: 0.804946, avg_reader_cost: 0.00010 sec, avg_batch_cost: 0.05299 sec, avg_samples: 2000.00000, ips: 37691.17 ins/s
2021-12-20 18:42:43,705 - INFO - epoch: 0, batch_id: 1550, auc: 0.804833, avg_reader_cost: 0.00010 sec, avg_batch_cost: 0.05398 sec, avg_samples: 2000.00000, ips: 36999.89 ins/s
2021-12-20 18:42:46,373 - INFO - epoch: 0, batch_id: 1600, auc: 0.804815, avg_reader_cost: 0.00010 sec, avg_batch_cost: 0.05328 sec, avg_samples: 2000.00000, ips: 37484.42 ins/s
2021-12-20 18:42:49,011 - INFO - epoch: 0, batch_id: 1650, auc: 0.804737, avg_reader_cost: 0.00009 sec, avg_batch_cost: 0.05269 sec, avg_samples: 2000.00000, ips: 37901.85 ins/s
2021-12-20 18:42:51,726 - INFO - epoch: 0, batch_id: 1700, auc: 0.804676, avg_reader_cost: 0.00011 sec, avg_batch_cost: 0.05421 sec, avg_samples: 2000.00000, ips: 36841.05 ins/s
2021-12-20 18:42:54,381 - INFO - epoch: 0, batch_id: 1750, auc: 0.804685, avg_reader_cost: 0.00010 sec, avg_batch_cost: 0.05302 sec, avg_samples: 2000.00000, ips: 37669.47 ins/s
2021-12-20 18:42:57,089 - INFO - epoch: 0, batch_id: 1800, auc: 0.804622, avg_reader_cost: 0.00011 sec, avg_batch_cost: 0.05408 sec, avg_samples: 2000.00000, ips: 36930.31 ins/s
2021-12-20 18:42:59,749 - INFO - epoch: 0, batch_id: 1850, auc: 0.804602, avg_reader_cost: 0.00011 sec, avg_batch_cost: 0.05312 sec, avg_samples: 2000.00000, ips: 37592.15 ins/s
2021-12-20 18:43:02,423 - INFO - epoch: 0, batch_id: 1900, auc: 0.804556, avg_reader_cost: 0.00010 sec, avg_batch_cost: 0.05338 sec, avg_samples: 2000.00000, ips: 37412.17 ins/s
2021-12-20 18:43:05,106 - INFO - epoch: 0, batch_id: 1950, auc: 0.804564, avg_reader_cost: 0.00010 sec, avg_batch_cost: 0.05358 sec, avg_samples: 2000.00000, ips: 37274.50 ins/s
2021-12-20 18:43:07,838 - INFO - epoch: 0, batch_id: 2000, auc: 0.804557, avg_reader_cost: 0.00009 sec, avg_batch_cost: 0.05457 sec, avg_samples: 2000.00000, ips: 36599.81 ins/s
2021-12-20 18:43:10,590 - INFO - epoch: 0, batch_id: 2050, auc: 0.804531, avg_reader_cost: 0.00010 sec, avg_batch_cost: 0.05495 sec, avg_samples: 2000.00000, ips: 36347.56 ins/s
2021-12-20 18:43:13,244 - INFO - epoch: 0, batch_id: 2100, auc: 0.804554, avg_reader_cost: 0.00010 sec, avg_batch_cost: 0.05299 sec, avg_samples: 2000.00000, ips: 37686.96 ins/s
2021-12-20 18:43:15,896 - INFO - epoch: 0, batch_id: 2150, auc: 0.804591, avg_reader_cost: 0.00009 sec, avg_batch_cost: 0.05297 sec, avg_samples: 2000.00000, ips: 37704.05 ins/s
2021-12-20 18:43:18,599 - INFO - epoch: 0, batch_id: 2200, auc: 0.804630, avg_reader_cost: 0.00011 sec, avg_batch_cost: 0.05399 sec, avg_samples: 2000.00000, ips: 36994.83 ins/s
2021-12-20 18:43:21,285 - INFO - epoch: 0, batch_id: 2250, auc: 0.804588, avg_reader_cost: 0.00011 sec, avg_batch_cost: 0.05363 sec, avg_samples: 2000.00000, ips: 37241.88 ins/s
2021-12-20 18:43:23,974 - INFO - epoch: 0, batch_id: 2300, auc: 0.804575, avg_reader_cost: 0.00011 sec, avg_batch_cost: 0.05371 sec, avg_samples: 2000.00000, ips: 37189.31 ins/s
2021-12-20 18:43:26,623 - INFO - epoch: 0, batch_id: 2350, auc: 0.804623, avg_reader_cost: 0.00010 sec, avg_batch_cost: 0.05290 sec, avg_samples: 2000.00000, ips: 37754.50 ins/s
2021-12-20 18:43:29,278 - INFO - epoch: 0, batch_id: 2400, auc: 0.804596, avg_reader_cost: 0.00011 sec, avg_batch_cost: 0.05301 sec, avg_samples: 2000.00000, ips: 37673.95 ins/s
2021-12-20 18:43:31,969 - INFO - epoch: 0, batch_id: 2450, auc: 0.804628, avg_reader_cost: 0.00011 sec, avg_batch_cost: 0.05371 sec, avg_samples: 2000.00000, ips: 37163.09 ins/s
2021-12-20 18:43:34,625 - INFO - epoch: 0, batch_id: 2500, auc: 0.804633, avg_reader_cost: 0.00011 sec, avg_batch_cost: 0.05305 sec, avg_samples: 2000.00000, ips: 37646.65 ins/s
2021-12-20 18:43:37,786 - INFO - epoch: 0, batch_id: 2550, auc: 0.804621, avg_reader_cost: 0.00011 sec, avg_batch_cost: 0.06314 sec, avg_samples: 2000.00000, ips: 31641.53 ins/s
2021-12-20 18:43:40,674 - INFO - epoch: 0, batch_id: 2600, auc: 0.804636, avg_reader_cost: 0.00011 sec, avg_batch_cost: 0.05767 sec, avg_samples: 2000.00000, ips: 34625.68 ins/s
2021-12-20 18:43:43,384 - INFO - epoch: 0, batch_id: 2650, auc: 0.804664, avg_reader_cost: 0.00011 sec, avg_batch_cost: 0.05412 sec, avg_samples: 2000.00000, ips: 36903.31 ins/s
2021-12-20 18:43:46,120 - INFO - epoch: 0, batch_id: 2700, auc: 0.804640, avg_reader_cost: 0.00011 sec, avg_batch_cost: 0.05463 sec, avg_samples: 2000.00000, ips: 36558.97 ins/s
2021-12-20 18:43:48,847 - INFO - epoch: 0, batch_id: 2750, auc: 0.804622, avg_reader_cost: 0.00012 sec, avg_batch_cost: 0.05447 sec, avg_samples: 2000.00000, ips: 36663.99 ins/s
2021-12-20 18:43:51,623 - INFO - epoch: 0, batch_id: 2800, auc: 0.804593, avg_reader_cost: 0.00012 sec, avg_batch_cost: 0.05538 sec, avg_samples: 2000.00000, ips: 36033.23 ins/s
2021-12-20 18:43:54,350 - INFO - epoch: 0, batch_id: 2850, auc: 0.804575, avg_reader_cost: 0.00012 sec, avg_batch_cost: 0.05447 sec, avg_samples: 2000.00000, ips: 36670.96 ins/s
2021-12-20 18:43:57,057 - INFO - epoch: 0, batch_id: 2900, auc: 0.804559, avg_reader_cost: 0.00011 sec, avg_batch_cost: 0.05406 sec, avg_samples: 2000.00000, ips: 36950.00 ins/s
2021-12-20 18:43:59,793 - INFO - epoch: 0, batch_id: 2950, auc: 0.804483, avg_reader_cost: 0.00012 sec, avg_batch_cost: 0.05464 sec, avg_samples: 2000.00000, ips: 36557.18 ins/s
2021-12-20 18:44:02,512 - INFO - epoch: 0, batch_id: 3000, auc: 0.804412, avg_reader_cost: 0.00011 sec, avg_batch_cost: 0.05431 sec, avg_samples: 2000.00000, ips: 36777.42 ins/s
2021-12-20 18:44:05,184 - INFO - epoch: 0, batch_id: 3050, auc: 0.804353, avg_reader_cost: 0.00009 sec, avg_batch_cost: 0.05337 sec, avg_samples: 2000.00000, ips: 37424.52 ins/s
2021-12-20 18:44:07,848 - INFO - epoch: 0, batch_id: 3100, auc: 0.804273, avg_reader_cost: 0.00011 sec, avg_batch_cost: 0.05319 sec, avg_samples: 2000.00000, ips: 37548.92 ins/s
2021-12-20 18:44:10,514 - INFO - epoch: 0, batch_id: 3150, auc: 0.804186, avg_reader_cost: 0.00011 sec, avg_batch_cost: 0.05324 sec, avg_samples: 2000.00000, ips: 37512.91 ins/s
2021-12-20 18:44:13,180 - INFO - epoch: 0, batch_id: 3200, auc: 0.804135, avg_reader_cost: 0.00011 sec, avg_batch_cost: 0.05323 sec, avg_samples: 2000.00000, ips: 37516.21 ins/s
2021-12-20 18:44:15,867 - INFO - epoch: 0, batch_id: 3250, auc: 0.804083, avg_reader_cost: 0.00011 sec, avg_batch_cost: 0.05368 sec, avg_samples: 2000.00000, ips: 37207.72 ins/s
2021-12-20 18:44:18,557 - INFO - epoch: 0, batch_id: 3300, auc: 0.803996, avg_reader_cost: 0.00011 sec, avg_batch_cost: 0.05371 sec, avg_samples: 2000.00000, ips: 37187.02 ins/s
2021-12-20 18:44:21,309 - INFO - epoch: 0, batch_id: 3350, auc: 0.803935, avg_reader_cost: 0.00012 sec, avg_batch_cost: 0.05496 sec, avg_samples: 2000.00000, ips: 36341.68 ins/s
2021-12-20 18:44:23,974 - INFO - epoch: 0, batch_id: 3400, auc: 0.803863, avg_reader_cost: 0.00018 sec, avg_batch_cost: 0.05323 sec, avg_samples: 2000.00000, ips: 37522.79 ins/s
2021-12-20 18:44:26,640 - INFO - epoch: 0, batch_id: 3450, auc: 0.803826, avg_reader_cost: 0.00011 sec, avg_batch_cost: 0.05323 sec, avg_samples: 2000.00000, ips: 37520.44 ins/s
2021-12-20 18:44:29,387 - INFO - epoch: 0, batch_id: 3500, auc: 0.803820, avg_reader_cost: 0.00012 sec, avg_batch_cost: 0.05488 sec, avg_samples: 2000.00000, ips: 36395.32 ins/s
2021-12-20 18:44:32,144 - INFO - epoch: 0, batch_id: 3550, auc: 0.803747, avg_reader_cost: 0.00011 sec, avg_batch_cost: 0.05505 sec, avg_samples: 2000.00000, ips: 36285.37 ins/s
2021-12-20 18:44:34,833 - INFO - epoch: 0, batch_id: 3600, auc: 0.803684, avg_reader_cost: 0.00010 sec, avg_batch_cost: 0.05370 sec, avg_samples: 2000.00000, ips: 37188.32 ins/s
2021-12-20 18:44:37,534 - INFO - epoch: 0, batch_id: 3650, auc: 0.803623, avg_reader_cost: 0.00011 sec, avg_batch_cost: 0.05395 sec, avg_samples: 2000.00000, ips: 37019.97 ins/s
2021-12-20 18:44:40,209 - INFO - epoch: 0, batch_id: 3700, auc: 0.803574, avg_reader_cost: 0.00011 sec, avg_batch_cost: 0.05341 sec, avg_samples: 2000.00000, ips: 37393.64 ins/s
2021-12-20 18:44:42,938 - INFO - epoch: 0, batch_id: 3750, auc: 0.803503, avg_reader_cost: 0.00011 sec, avg_batch_cost: 0.05450 sec, avg_samples: 2000.00000, ips: 36644.31 ins/s
2021-12-20 18:44:45,654 - INFO - epoch: 0, batch_id: 3800, auc: 0.803440, avg_reader_cost: 0.00012 sec, avg_batch_cost: 0.05423 sec, avg_samples: 2000.00000, ips: 36827.89 ins/s
2021-12-20 18:44:48,380 - INFO - epoch: 0, batch_id: 3850, auc: 0.803406, avg_reader_cost: 0.00012 sec, avg_batch_cost: 0.05445 sec, avg_samples: 2000.00000, ips: 36679.13 ins/s
2021-12-20 18:44:51,076 - INFO - epoch: 0, batch_id: 3900, auc: 0.803355, avg_reader_cost: 0.00012 sec, avg_batch_cost: 0.05384 sec, avg_samples: 2000.00000, ips: 37094.03 ins/s
2021-12-20 18:44:53,772 - INFO - epoch: 0, batch_id: 3950, auc: 0.803308, avg_reader_cost: 0.00011 sec, avg_batch_cost: 0.05382 sec, avg_samples: 2000.00000, ips: 37106.63 ins/s
2021-12-20 18:44:56,465 - INFO - epoch: 0, batch_id: 4000, auc: 0.803305, avg_reader_cost: 0.00010 sec, avg_batch_cost: 0.05378 sec, avg_samples: 2000.00000, ips: 37136.90 ins/s
2021-12-20 18:44:59,154 - INFO - epoch: 0, batch_id: 4050, auc: 0.803264, avg_reader_cost: 0.00011 sec, avg_batch_cost: 0.05367 sec, avg_samples: 2000.00000, ips: 37193.07 ins/s
2021-12-20 18:45:01,851 - INFO - epoch: 0, batch_id: 4100, auc: 0.803196, avg_reader_cost: 0.00012 sec, avg_batch_cost: 0.05387 sec, avg_samples: 2000.00000, ips: 37071.98 ins/s
2021-12-20 18:45:04,559 - INFO - epoch: 0, batch_id: 4150, auc: 0.803163, avg_reader_cost: 0.00012 sec, avg_batch_cost: 0.05407 sec, avg_samples: 2000.00000, ips: 36938.89 ins/s
2021-12-20 18:45:07,232 - INFO - epoch: 0, batch_id: 4200, auc: 0.803121, avg_reader_cost: 0.00011 sec, avg_batch_cost: 0.05337 sec, avg_samples: 2000.00000, ips: 37419.81 ins/s
2021-12-20 18:45:09,935 - INFO - epoch: 0, batch_id: 4250, auc: 0.803091, avg_reader_cost: 0.00009 sec, avg_batch_cost: 0.05400 sec, avg_samples: 2000.00000, ips: 36988.23 ins/s
2021-12-20 18:45:12,578 - INFO - epoch: 0, batch_id: 4300, auc: 0.803057, avg_reader_cost: 0.00009 sec, avg_batch_cost: 0.05276 sec, avg_samples: 2000.00000, ips: 37852.37 ins/s
2021-12-20 18:45:15,225 - INFO - epoch: 0, batch_id: 4350, auc: 0.803021, avg_reader_cost: 0.00008 sec, avg_batch_cost: 0.05287 sec, avg_samples: 2000.00000, ips: 37776.73 ins/s
2021-12-20 18:45:17,850 - INFO - epoch: 0, batch_id: 4400, auc: 0.802943, avg_reader_cost: 0.00008 sec, avg_batch_cost: 0.05243 sec, avg_samples: 2000.00000, ips: 38094.80 ins/s
2021-12-20 18:45:20,498 - INFO - epoch: 0, batch_id: 4450, auc: 0.802919, avg_reader_cost: 0.00009 sec, avg_batch_cost: 0.05288 sec, avg_samples: 2000.00000, ips: 37765.84 ins/s
2021-12-20 18:45:23,160 - INFO - epoch: 0, batch_id: 4500, auc: 0.802851, avg_reader_cost: 0.00010 sec, avg_batch_cost: 0.05315 sec, avg_samples: 2000.00000, ips: 37579.56 ins/s
2021-12-20 18:45:25,790 - INFO - epoch: 0, batch_id: 4550, auc: 0.802762, avg_reader_cost: 0.00009 sec, avg_batch_cost: 0.05253 sec, avg_samples: 2000.00000, ips: 38020.09 ins/s
2021-12-20 18:45:28,439 - INFO - epoch: 0, batch_id: 4600, auc: 0.802705, avg_reader_cost: 0.00009 sec, avg_batch_cost: 0.05291 sec, avg_samples: 2000.00000, ips: 37750.34 ins/s
2021-12-20 18:45:31,092 - INFO - epoch: 0, batch_id: 4650, auc: 0.802628, avg_reader_cost: 0.00011 sec, avg_batch_cost: 0.05297 sec, avg_samples: 2000.00000, ips: 37702.77 ins/s
2021-12-20 18:45:33,731 - INFO - epoch: 0, batch_id: 4700, auc: 0.802577, avg_reader_cost: 0.00010 sec, avg_batch_cost: 0.05270 sec, avg_samples: 2000.00000, ips: 37894.33 ins/s
2021-12-20 18:45:36,387 - INFO - epoch: 0, batch_id: 4750, auc: 0.802531, avg_reader_cost: 0.00009 sec, avg_batch_cost: 0.05303 sec, avg_samples: 2000.00000, ips: 37660.05 ins/s
2021-12-20 18:45:39,015 - INFO - epoch: 0, batch_id: 4800, auc: 0.802469, avg_reader_cost: 0.00009 sec, avg_batch_cost: 0.05248 sec, avg_samples: 2000.00000, ips: 38050.80 ins/s
2021-12-20 18:45:41,682 - INFO - epoch: 0, batch_id: 4850, auc: 0.802361, avg_reader_cost: 0.00010 sec, avg_batch_cost: 0.05327 sec, avg_samples: 2000.00000, ips: 37492.37 ins/s
2021-12-20 18:45:44,324 - INFO - epoch: 0, batch_id: 4900, auc: 0.802272, avg_reader_cost: 0.00010 sec, avg_batch_cost: 0.05274 sec, avg_samples: 2000.00000, ips: 37865.31 ins/s
2021-12-20 18:45:46,958 - INFO - epoch: 0, batch_id: 4950, auc: 0.802180, avg_reader_cost: 0.00009 sec, avg_batch_cost: 0.05260 sec, avg_samples: 2000.00000, ips: 37968.01 ins/s
2021-12-20 18:45:49,629 - INFO - epoch: 0, batch_id: 5000, auc: 0.802129, avg_reader_cost: 0.00010 sec, avg_batch_cost: 0.05335 sec, avg_samples: 2000.00000, ips: 37438.60 ins/s
2021-12-20 18:45:52,265 - INFO - epoch: 0, batch_id: 5050, auc: 0.802036, avg_reader_cost: 0.00010 sec, avg_batch_cost: 0.05265 sec, avg_samples: 2000.00000, ips: 37932.31 ins/s
2021-12-20 18:45:54,921 - INFO - epoch: 0, batch_id: 5100, auc: 0.801972, avg_reader_cost: 0.00009 sec, avg_batch_cost: 0.05303 sec, avg_samples: 2000.00000, ips: 37665.16 ins/s
2021-12-20 18:45:57,542 - INFO - epoch: 0, batch_id: 5150, auc: 0.801893, avg_reader_cost: 0.00008 sec, avg_batch_cost: 0.05235 sec, avg_samples: 2000.00000, ips: 38154.34 ins/s
2021-12-20 18:46:00,182 - INFO - epoch: 0, batch_id: 5200, auc: 0.801828, avg_reader_cost: 0.00010 sec, avg_batch_cost: 0.05273 sec, avg_samples: 2000.00000, ips: 37879.47 ins/s
2021-12-20 18:46:02,859 - INFO - epoch: 0, batch_id: 5250, auc: 0.801782, avg_reader_cost: 0.00010 sec, avg_batch_cost: 0.05346 sec, avg_samples: 2000.00000, ips: 37364.29 ins/s
2021-12-20 18:46:05,501 - INFO - epoch: 0, batch_id: 5300, auc: 0.801740, avg_reader_cost: 0.00009 sec, avg_batch_cost: 0.05277 sec, avg_samples: 2000.00000, ips: 37847.56 ins/s
2021-12-20 18:46:08,182 - INFO - epoch: 0, batch_id: 5350, auc: 0.801663, avg_reader_cost: 0.00010 sec, avg_batch_cost: 0.05354 sec, avg_samples: 2000.00000, ips: 37301.90 ins/s
2021-12-20 18:46:10,820 - INFO - epoch: 0, batch_id: 5400, auc: 0.801627, avg_reader_cost: 0.00009 sec, avg_batch_cost: 0.05267 sec, avg_samples: 2000.00000, ips: 37918.83 ins/s
2021-12-20 18:46:13,450 - INFO - epoch: 0, batch_id: 5450, auc: 0.801573, avg_reader_cost: 0.00009 sec, avg_batch_cost: 0.05252 sec, avg_samples: 2000.00000, ips: 38025.30 ins/s
2021-12-20 18:46:16,117 - INFO - epoch: 0, batch_id: 5500, auc: 0.801527, avg_reader_cost: 0.00009 sec, avg_batch_cost: 0.05326 sec, avg_samples: 2000.00000, ips: 37500.36 ins/s
2021-12-20 18:46:18,736 - INFO - epoch: 0, batch_id: 5550, auc: 0.801493, avg_reader_cost: 0.00008 sec, avg_batch_cost: 0.05231 sec, avg_samples: 2000.00000, ips: 38183.58 ins/s
2021-12-20 18:46:21,422 - INFO - epoch: 0, batch_id: 5600, auc: 0.801432, avg_reader_cost: 0.00010 sec, avg_batch_cost: 0.05364 sec, avg_samples: 2000.00000, ips: 37233.33 ins/s
2021-12-20 18:46:24,044 - INFO - epoch: 0, batch_id: 5650, auc: 0.801359, avg_reader_cost: 0.00009 sec, avg_batch_cost: 0.05236 sec, avg_samples: 2000.00000, ips: 38139.48 ins/s
2021-12-20 18:46:26,681 - INFO - epoch: 0, batch_id: 5700, auc: 0.801316, avg_reader_cost: 0.00009 sec, avg_batch_cost: 0.05267 sec, avg_samples: 2000.00000, ips: 37923.07 ins/s
2021-12-20 18:46:29,339 - INFO - epoch: 0, batch_id: 5750, auc: 0.801262, avg_reader_cost: 0.00010 sec, avg_batch_cost: 0.05308 sec, avg_samples: 2000.00000, ips: 37630.16 ins/s
2021-12-20 18:46:31,971 - INFO - epoch: 0, batch_id: 5800, auc: 0.801209, avg_reader_cost: 0.00010 sec, avg_batch_cost: 0.05257 sec, avg_samples: 2000.00000, ips: 37989.14 ins/s
2021-12-20 18:46:34,636 - INFO - epoch: 0, batch_id: 5850, auc: 0.801161, avg_reader_cost: 0.00010 sec, avg_batch_cost: 0.05322 sec, avg_samples: 2000.00000, ips: 37528.45 ins/s
2021-12-20 18:46:37,282 - INFO - epoch: 0, batch_id: 5900, auc: 0.801102, avg_reader_cost: 0.00010 sec, avg_batch_cost: 0.05283 sec, avg_samples: 2000.00000, ips: 37802.71 ins/s
2021-12-20 18:46:39,928 - INFO - epoch: 0, batch_id: 5950, auc: 0.801076, avg_reader_cost: 0.00010 sec, avg_batch_cost: 0.05283 sec, avg_samples: 2000.00000, ips: 37800.42 ins/s
2021-12-20 18:46:42,614 - INFO - epoch: 0, batch_id: 6000, auc: 0.801053, avg_reader_cost: 0.00009 sec, avg_batch_cost: 0.05364 sec, avg_samples: 2000.00000, ips: 37233.98 ins/s
2021-12-20 18:46:45,231 - INFO - epoch: 0, batch_id: 6050, auc: 0.801032, avg_reader_cost: 0.00008 sec, avg_batch_cost: 0.05226 sec, avg_samples: 2000.00000, ips: 38214.65 ins/s
2021-12-20 18:46:47,897 - INFO - epoch: 0, batch_id: 6100, auc: 0.801021, avg_reader_cost: 0.00010 sec, avg_batch_cost: 0.05325 sec, avg_samples: 2000.00000, ips: 37505.00 ins/s
2021-12-20 18:46:50,520 - INFO - epoch: 0, batch_id: 6150, auc: 0.801014, avg_reader_cost: 0.00009 sec, avg_batch_cost: 0.05238 sec, avg_samples: 2000.00000, ips: 38133.14 ins/s
2021-12-20 18:46:53,144 - INFO - epoch: 0, batch_id: 6200, auc: 0.800986, avg_reader_cost: 0.00009 sec, avg_batch_cost: 0.05241 sec, avg_samples: 2000.00000, ips: 38108.84 ins/s
2021-12-20 18:46:55,803 - INFO - epoch: 0, batch_id: 6250, auc: 0.800953, avg_reader_cost: 0.00008 sec, avg_batch_cost: 0.05309 sec, avg_samples: 2000.00000, ips: 37621.13 ins/s
2021-12-20 18:46:58,423 - INFO - epoch: 0, batch_id: 6300, auc: 0.800931, avg_reader_cost: 0.00008 sec, avg_batch_cost: 0.05232 sec, avg_samples: 2000.00000, ips: 38168.29 ins/s
2021-12-20 18:47:01,088 - INFO - epoch: 0, batch_id: 6350, auc: 0.800948, avg_reader_cost: 0.00009 sec, avg_batch_cost: 0.05324 sec, avg_samples: 2000.00000, ips: 37518.24 ins/s
2021-12-20 18:47:01,881 - INFO - epoch: 0 done, auc: 0.800943, epoch time: 342.84 s
